<?xml version="1.0" encoding="UTF-8"?>
<Site BuildName="(empty)"
	BuildStamp="20230902-1554-Experimental"
	Name="ninno"
	Generator="ctest-3.16.3"
	CompilerName="/usr/lib/ccache/clang++"
	CompilerVersion="10.0.0"
	OSName="Linux"
	Hostname="ninno"
	OSRelease="5.15.0-82-generic"
	OSVersion="#91~20.04.1-Ubuntu SMP Fri Aug 18 16:24:39 UTC 2023"
	OSPlatform="x86_64"
	Is64Bits="1"
	VendorString="GenuineIntel"
	VendorID="Intel Corporation"
	FamilyID="6"
	ModelID="69"
	ProcessorCacheSize="3072"
	NumberOfLogicalCPU="4"
	NumberOfPhysicalCPU="2"
	TotalVirtualMemory="2047"
	TotalPhysicalMemory="9824"
	LogicalProcessorsPerPhysical="2"
	ProcessorClockFrequency="1795.74"
	>
	<Testing>
		<StartDateTime>Sep 02 22:54 WIB</StartDateTime>
		<StartTestTime>1693670092</StartTestTime>
		<TestList/>
		<EndDateTime>Sep 02 22:54 WIB</EndDateTime>
		<EndTestTime>1693670092</EndTestTime>
		<ElapsedMinutes>0</ElapsedMinutes>
	</Testing>
</Site>
